<?xml version="1.1" encoding="UTF-8"?>
<testsuite name="codeBreaker.codeBreakerTest" tests="6" failures="0" errors="0" timestamp="2015-07-18T15:41:05" hostname="localhost.localdomain" time="0.024">
  <properties/>
  <testcase name="combinado" classname="codeBreaker.codeBreakerTest" time="0.003"/>
  <testcase name="combinado2" classname="codeBreaker.codeBreakerTest" time="0.002"/>
  <testcase name="ningunoCoincide" classname="codeBreaker.codeBreakerTest" time="0.001"/>
  <testcase name="unoCoincide" classname="codeBreaker.codeBreakerTest" time="0.001"/>
  <testcase name="todosIncluidos" classname="codeBreaker.codeBreakerTest" time="0.002"/>
  <testcase name="todosCoinciden" classname="codeBreaker.codeBreakerTest" time="0.001"/>
  <system-out><![CDATA[]]></system-out>
  <system-err><![CDATA[]]></system-err>
</testsuite>
